<?xml version="1.0" encoding="UTF-8"?>
<!-- Generated by org.testng.reporters.JUnitReportReporter -->
<testsuite hostname="DESKTOP-8TLFELV" failures="0" tests="1" name="com.orangeHRM.test_layer.Test1" time="0.012" errors="0" timestamp="2023-01-11T21:35:01 IST" skipped="0">
  <testcase classname="com.orangeHRM.test_layer.Test1" name="test" time="0.012"/>
  <system-out/>
</testsuite> <!-- com.orangeHRM.test_layer.Test1 -->
