<?xml version="1.0" encoding="UTF-8"?>
<!-- Generated by org.testng.reporters.JUnitReportReporter -->
<testsuite hostname="DESKTOP-8TLFELV" failures="0" tests="1" name="com.orangeHRM.test_layer.AppTest" time="0.008" errors="0" timestamp="2023-01-11T21:35:01 IST" skipped="0">
  <testcase classname="com.orangeHRM.test_layer.AppTest" name="shouldAnswerWithTrue" time="0.008"/>
  <system-out/>
</testsuite> <!-- com.orangeHRM.test_layer.AppTest -->
