<?xml version="1.0" encoding="UTF-8"?>
<!-- Generated by org.testng.reporters.JUnitReportReporter -->
<testsuite hostname="DESKTOP-8TLFELV" failures="0" tests="1" name="com.utility.WebTableBaseClass" time="10.993" errors="0" timestamp="2023-01-15T10:51:57 IST" skipped="0">
  <testcase classname="com.utility.WebTableBaseClass" name="setUp" time="10.993"/>
  <system-out/>
</testsuite> <!-- com.utility.WebTableBaseClass -->
