<?xml version="1.0" encoding="UTF-8"?>
<!-- Generated by org.testng.reporters.JUnitReportReporter -->
<testsuite hostname="DESKTOP-8TLFELV" failures="0" tests="5" name="com.orangeHRM.test_layer.ExcelLibraryTest" time="1.893" errors="0" timestamp="2023-01-18T21:09:27 IST" skipped="0">
  <testcase classname="com.orangeHRM.test_layer.ExcelLibraryTest" name="TestCase1" time="0.038"/>
  <system-out/>
  <testcase classname="com.orangeHRM.test_layer.ExcelLibraryTest" name="testCase2" time="0.043"/>
  <system-out/>
  <testcase classname="com.orangeHRM.test_layer.ExcelLibraryTest" name="testCase3" time="0.003"/>
  <system-out/>
  <testcase classname="com.orangeHRM.test_layer.ExcelLibraryTest" name="testCase4" time="0.737"/>
  <system-out/>
  <testcase classname="com.orangeHRM.test_layer.ExcelLibraryTest" name="testCase5" time="1.072"/>
  <system-out/>
</testsuite> <!-- com.orangeHRM.test_layer.ExcelLibraryTest -->
