<?xml version="1.0" encoding="UTF-8"?>
<!-- Generated by org.testng.reporters.JUnitReportReporter -->
<testsuite hostname="DESKTOP-8TLFELV" failures="0" tests="3" name="com.test.pack.LogTest" time="0.065" errors="0" timestamp="2023-01-15T19:42:19 IST" skipped="0">
  <testcase classname="com.test.pack.LogTest" name="testCase3" time="0.010"/>
  <system-out/>
  <testcase classname="com.test.pack.LogTest" name="testCase2" time="0.011"/>
  <system-out/>
  <testcase classname="com.test.pack.LogTest" name="testCase1" time="0.044"/>
  <system-out/>
</testsuite> <!-- com.test.pack.LogTest -->
