<?xml version="1.0" encoding="UTF-8"?>
<!-- Generated by org.testng.reporters.JUnitReportReporter -->
<testsuite hostname="DESKTOP-8TLFELV" failures="0" tests="1" name="com.orangeHRM.test_layer.WriteExcelTest" time="2.666" errors="0" timestamp="2023-01-18T18:32:06 IST" skipped="0">
  <testcase classname="com.orangeHRM.test_layer.WriteExcelTest" name="writeExcelTest" time="2.666"/>
  <system-out/>
</testsuite> <!-- com.orangeHRM.test_layer.WriteExcelTest -->
