<?xml version="1.0" encoding="UTF-8"?>
<!-- Generated by org.testng.reporters.JUnitReportReporter -->
<testsuite hostname="DESKTOP-8TLFELV" failures="0" tests="1" name="com.readexcel.ReadExcel" time="1.358" errors="0" timestamp="2023-01-18T14:27:47 IST" skipped="0">
  <testcase classname="com.readexcel.ReadExcel" name="readExcel" time="1.358"/>
  <system-out/>
</testsuite> <!-- com.readexcel.ReadExcel -->
