<?xml version="1.0" encoding="UTF-8"?>
<!-- Generated by org.testng.reporters.JUnitReportReporter -->
<testsuite hostname="DESKTOP-8TLFELV" failures="0" tests="2" name="com.screenshottest.ScreenshotTest" time="29.819" errors="0" timestamp="2023-01-13T21:44:25 IST" skipped="0">
  <testcase classname="com.screenshottest.ScreenshotTest" name="testCase1" time="13.694"/>
  <system-out/>
  <testcase classname="com.screenshottest.ScreenshotTest" name="testCase2" time="16.125"/>
  <system-out/>
</testsuite> <!-- com.screenshottest.ScreenshotTest -->
