<?xml version="1.0" encoding="UTF-8"?>
<!-- Generated by org.testng.reporters.JUnitReportReporter -->
<testsuite hostname="DESKTOP-8TLFELV" failures="0" tests="1" name="com.screenshottest.WebelementScreenshot" time="17.113" errors="0" timestamp="2023-01-14T10:53:13 IST" skipped="0">
  <testcase classname="com.screenshottest.WebelementScreenshot" name="elementSnap" time="17.113"/>
  <system-out/>
</testsuite> <!-- com.screenshottest.WebelementScreenshot -->
