<?xml version="1.0" encoding="UTF-8"?>
<!-- Generated by org.testng.reporters.JUnitReportReporter -->
<testsuite hostname="DESKTOP-8TLFELV" failures="0" tests="1" name="com.screenshottest.FullPageScreenshot" time="85.075" errors="0" timestamp="2023-01-14T10:33:38 IST" skipped="0">
  <testcase classname="com.screenshottest.FullPageScreenshot" name="fullPageSnap" time="85.075"/>
  <system-out/>
</testsuite> <!-- com.screenshottest.FullPageScreenshot -->
